#! /usr/local/iverilog/bin/vvp
:ivl_version "11.0 (devel)" "(s20150603-612-ga9388a89)";
:ivl_delay_selection "TYPICAL";
:vpi_time_precision - 10;
:vpi_module "system";
:vpi_module "vhdl_sys";
:vpi_module "vhdl_textio";
:vpi_module "v2005_math";
:vpi_module "va_math";
S_00000000010c03f0 .scope module, "tb" "tb" 2 8;
 .timescale -3 -10;
v000000000111c660_0 .var "ADC_CLK_10", 0 0;
v000000000111c160_0 .net "HEX0", 7 0, v00000000010b4000_0;  1 drivers
v000000000111b300_0 .net "HEX1", 7 0, v00000000010b3240_0;  1 drivers
v000000000111c340_0 .net "HEX2", 7 0, v000000000111c480_0;  1 drivers
L_00000000028f2018 .functor BUFT 1, C4<11111111>, C4<0>, C4<0>, C4<0>;
v000000000111b3a0_0 .net "HEX3", 7 0, L_00000000028f2018;  1 drivers
v000000000111b940_0 .net "HEX4", 7 0, v00000000010b3c40_0;  1 drivers
v000000000111b440_0 .net "HEX5", 7 0, v00000000010b3e20_0;  1 drivers
v000000000111b4e0_0 .var "KEY", 1 0;
v000000000111b620_0 .net "LEDR", 1 0, v000000000111a900_0;  1 drivers
v000000000111b6c0_0 .var "SW", 9 8;
v000000000111b9e0_0 .var "day1digit", 3 0;
v000000000111ba80_0 .var "day2digit", 3 0;
v000000000111a9a0_0 .var "digit1digit", 3 0;
v000000000111bb20_0 .var "digit2digit", 3 0;
v000000000111bbc0_0 .var "monthDigit", 3 0;
v000000000111ac20_0 .var "unusedMonthDig", 3 0;
E_00000000010c91e0 .event edge, v000000000111c480_0, v000000000111b120_0, v00000000010b3c40_0, v00000000010b3e20_0;
E_00000000010c8ca0 .event edge, v00000000010b3240_0, v00000000010b4000_0;
S_00000000010be930 .scope module, "DUT" "top" 2 30, 3 1 0, S_00000000010c03f0;
 .timescale -3 -10;
    .port_info 0 /INPUT 2 "KEY";
    .port_info 1 /OUTPUT 8 "HEX0";
    .port_info 2 /OUTPUT 8 "HEX1";
    .port_info 3 /OUTPUT 8 "HEX2";
    .port_info 4 /OUTPUT 8 "HEX3";
    .port_info 5 /OUTPUT 8 "HEX4";
    .port_info 6 /OUTPUT 8 "HEX5";
    .port_info 7 /INPUT 1 "ADC_CLK_10";
    .port_info 8 /OUTPUT 2 "LEDR";
    .port_info 9 /INPUT 2 "SW";
P_000000000109b320 .param/l "clock_divisor1" 0 3 1, +C4<00000000000000000000000011111010>;
P_000000000109b358 .param/l "clock_divisor2" 0 3 1, +C4<00000000000000000000000000110010>;
v000000000111afe0_0 .net "ADC_CLK_10", 0 0, v000000000111c660_0;  1 drivers
v000000000111b1c0_0 .net "HEX0", 7 0, v00000000010b4000_0;  alias, 1 drivers
v000000000111b800_0 .net "HEX1", 7 0, v00000000010b3240_0;  alias, 1 drivers
v000000000111b8a0_0 .net "HEX2", 7 0, v000000000111c480_0;  alias, 1 drivers
v000000000111b120_0 .net "HEX3", 7 0, L_00000000028f2018;  alias, 1 drivers
v000000000111aea0_0 .net "HEX4", 7 0, v00000000010b3c40_0;  alias, 1 drivers
v000000000111a7c0_0 .net "HEX5", 7 0, v00000000010b3e20_0;  alias, 1 drivers
v000000000111c200_0 .net "KEY", 1 0, v000000000111b4e0_0;  1 drivers
v000000000111a900_0 .var "LEDR", 1 0;
v000000000111b080_0 .net "SW", 9 8, v000000000111b6c0_0;  1 drivers
v000000000111ae00_0 .net *"_s8", 0 0, L_000000000111c5c0;  1 drivers
v000000000111b580_0 .net "clk_out", 0 0, v00000000010b3880_0;  1 drivers
v000000000111b760_0 .var "count", 6 0;
v000000000111c2a0_0 .net "day1", 3 0, v00000000010b3560_0;  1 drivers
v000000000111c020_0 .net "day2", 3 0, v00000000010b3600_0;  1 drivers
v000000000111c0c0_0 .net "left", 3 0, v00000000010b31a0_0;  1 drivers
v000000000111ad60_0 .var "mod10_counter1", 3 0;
v000000000111c520_0 .var "mod10_counter2", 3 0;
v000000000111aa40_0 .var "reset_n", 0 0;
v000000000111b260_0 .net "right", 3 0, v00000000010b3d80_0;  1 drivers
E_00000000010c9220/0 .event negedge, v000000000111aa40_0;
E_00000000010c9220/1 .event posedge, v00000000010b3880_0;
E_00000000010c9220 .event/or E_00000000010c9220/0, E_00000000010c9220/1;
E_00000000010c8b60 .event negedge, L_000000000111c5c0;
L_000000000111c5c0 .part v000000000111b4e0_0, 0, 1;
S_00000000010bb430 .scope module, "clock_divide" "clock_divider" 3 36, 4 1 0, S_00000000010be930;
 .timescale -3 -10;
    .port_info 0 /INPUT 1 "clk";
    .port_info 1 /OUTPUT 1 "clock_out";
    .port_info 2 /INPUT 2 "KEY";
    .port_info 3 /INPUT 32 "clock_divisor1";
    .port_info 4 /INPUT 32 "clock_divisor2";
v00000000010b39c0_0 .net "KEY", 1 0, v000000000111b4e0_0;  alias, 1 drivers
v00000000010b3a60_0 .net "clk", 0 0, v000000000111c660_0;  alias, 1 drivers
L_00000000028f2060 .functor BUFT 1, C4<00000000000000000000000011111010>, C4<0>, C4<0>, C4<0>;
v00000000010b3740_0 .net "clock_divisor1", 31 0, L_00000000028f2060;  1 drivers
L_00000000028f20a8 .functor BUFT 1, C4<00000000000000000000000000110010>, C4<0>, C4<0>, C4<0>;
v00000000010b3920_0 .net "clock_divisor2", 31 0, L_00000000028f20a8;  1 drivers
v00000000010b3880_0 .var "clock_out", 0 0;
v00000000010b34c0_0 .var "counter", 23 0;
E_00000000010c8fa0 .event posedge, v00000000010b3a60_0;
S_00000000010b9970 .scope module, "counted" "counted" 3 92, 5 1 0, S_00000000010be930;
 .timescale -3 -10;
    .port_info 0 /INPUT 7 "count";
    .port_info 1 /OUTPUT 4 "left";
    .port_info 2 /OUTPUT 4 "right";
v00000000010b3ba0_0 .net "count", 6 0, v000000000111b760_0;  1 drivers
v00000000010b31a0_0 .var "left", 3 0;
v00000000010b3d80_0 .var "right", 3 0;
E_00000000010c9260 .event edge, v00000000010b3ba0_0;
S_00000000010b7eb0 .scope module, "dualSevenSegCNT" "dualSevenSeg" 3 93, 6 1 0, S_00000000010be930;
 .timescale -3 -10;
    .port_info 0 /INPUT 4 "data1";
    .port_info 1 /INPUT 4 "data2";
    .port_info 2 /OUTPUT 8 "display2";
    .port_info 3 /OUTPUT 8 "display1";
v00000000010b3ec0_0 .net "data1", 3 0, v00000000010b3d80_0;  alias, 1 drivers
v00000000010b32e0_0 .net "data2", 3 0, v00000000010b31a0_0;  alias, 1 drivers
v00000000010b3c40_0 .var "display1", 7 0;
v00000000010b3e20_0 .var "display2", 7 0;
E_00000000010c88a0 .event edge, v00000000010b31a0_0;
E_00000000010c9620 .event edge, v00000000010b3d80_0;
S_0000000001063a70 .scope module, "dualSevenSegMD" "dualSevenSeg" 3 91, 6 1 0, S_00000000010be930;
 .timescale -3 -10;
    .port_info 0 /INPUT 4 "data1";
    .port_info 1 /INPUT 4 "data2";
    .port_info 2 /OUTPUT 8 "display2";
    .port_info 3 /OUTPUT 8 "display1";
v00000000010b40a0_0 .net "data1", 3 0, v00000000010b3600_0;  alias, 1 drivers
v00000000010b3f60_0 .net "data2", 3 0, v00000000010b3560_0;  alias, 1 drivers
v00000000010b4000_0 .var "display1", 7 0;
v00000000010b3240_0 .var "display2", 7 0;
E_00000000010c8aa0 .event edge, v00000000010b3f60_0;
E_00000000010c8de0 .event edge, v00000000010b40a0_0;
S_00000000010ba630 .scope module, "monthDayCalc" "monthDayCalc" 3 90, 7 1 0, S_00000000010be930;
 .timescale -3 -10;
    .port_info 0 /INPUT 7 "data";
    .port_info 1 /OUTPUT 8 "month";
    .port_info 2 /OUTPUT 4 "day1";
    .port_info 3 /OUTPUT 4 "day2";
    .port_info 4 /INPUT 2 "SW";
v00000000010b3420_0 .net "SW", 9 8, v000000000111b6c0_0;  alias, 1 drivers
v00000000010b3380_0 .net "data", 6 0, v000000000111b760_0;  alias, 1 drivers
v00000000010b3560_0 .var "day1", 3 0;
v00000000010b3600_0 .var "day2", 3 0;
v000000000111af40_0 .var "dayData", 7 0;
v000000000111c480_0 .var "month", 7 0;
E_00000000010c93e0 .event edge, v000000000111af40_0;
E_00000000010c90a0 .event edge, v00000000010b3420_0, v00000000010b3ba0_0;
    .scope S_00000000010bb430;
T_0 ;
    %pushi/vec4 0, 0, 1;
    %store/vec4 v00000000010b3880_0, 0, 1;
    %pushi/vec4 0, 0, 24;
    %store/vec4 v00000000010b34c0_0, 0, 24;
    %end;
    .thread T_0;
    .scope S_00000000010bb430;
T_1 ;
    %wait E_00000000010c8fa0;
    %load/vec4 v00000000010b39c0_0;
    %parti/s 1, 1, 2;
    %cmpi/e 1, 0, 1;
    %jmp/0xz  T_1.0, 4;
    %load/vec4 v00000000010b34c0_0;
    %pad/u 32;
    %load/vec4 v00000000010b3740_0;
    %subi 1, 0, 32;
    %cmp/e;
    %jmp/0xz  T_1.2, 4;
    %pushi/vec4 0, 0, 24;
    %assign/vec4 v00000000010b34c0_0, 0;
    %load/vec4 v00000000010b3880_0;
    %inv;
    %assign/vec4 v00000000010b3880_0, 0;
    %jmp T_1.3;
T_1.2 ;
    %load/vec4 v00000000010b34c0_0;
    %addi 1, 0, 24;
    %assign/vec4 v00000000010b34c0_0, 0;
T_1.3 ;
    %jmp T_1.1;
T_1.0 ;
    %load/vec4 v00000000010b34c0_0;
    %pad/u 32;
    %load/vec4 v00000000010b3920_0;
    %subi 1, 0, 32;
    %cmp/e;
    %jmp/0xz  T_1.4, 4;
    %pushi/vec4 0, 0, 24;
    %assign/vec4 v00000000010b34c0_0, 0;
    %load/vec4 v00000000010b3880_0;
    %inv;
    %assign/vec4 v00000000010b3880_0, 0;
    %jmp T_1.5;
T_1.4 ;
    %load/vec4 v00000000010b34c0_0;
    %addi 1, 0, 24;
    %assign/vec4 v00000000010b34c0_0, 0;
T_1.5 ;
T_1.1 ;
    %jmp T_1;
    .thread T_1;
    .scope S_00000000010ba630;
T_2 ;
    %wait E_00000000010c90a0;
    %load/vec4 v00000000010b3420_0;
    %parti/s 1, 1, 2;
    %cmpi/e 1, 0, 1;
    %jmp/0xz  T_2.0, 4;
    %load/vec4 v00000000010b3380_0;
    %cmpi/u 92, 0, 7;
    %flag_inv 5; GE is !LT
    %jmp/0xz  T_2.2, 5;
    %pushi/vec4 153, 0, 8;
    %store/vec4 v000000000111c480_0, 0, 8;
    %jmp T_2.3;
T_2.2 ;
    %load/vec4 v00000000010b3380_0;
    %cmpi/u 61, 0, 7;
    %flag_inv 5; GE is !LT
    %jmp/0xz  T_2.4, 5;
    %pushi/vec4 176, 0, 8;
    %store/vec4 v000000000111c480_0, 0, 8;
    %jmp T_2.5;
T_2.4 ;
    %load/vec4 v00000000010b3380_0;
    %cmpi/u 32, 0, 7;
    %flag_inv 5; GE is !LT
    %jmp/0xz  T_2.6, 5;
    %pushi/vec4 164, 0, 8;
    %store/vec4 v000000000111c480_0, 0, 8;
    %jmp T_2.7;
T_2.6 ;
    %pushi/vec4 249, 0, 8;
    %store/vec4 v000000000111c480_0, 0, 8;
T_2.7 ;
T_2.5 ;
T_2.3 ;
    %jmp T_2.1;
T_2.0 ;
    %load/vec4 v00000000010b3380_0;
    %cmpi/u 91, 0, 7;
    %flag_inv 5; GE is !LT
    %jmp/0xz  T_2.8, 5;
    %pushi/vec4 153, 0, 8;
    %store/vec4 v000000000111c480_0, 0, 8;
    %jmp T_2.9;
T_2.8 ;
    %load/vec4 v00000000010b3380_0;
    %cmpi/u 60, 0, 7;
    %flag_inv 5; GE is !LT
    %jmp/0xz  T_2.10, 5;
    %pushi/vec4 176, 0, 8;
    %store/vec4 v000000000111c480_0, 0, 8;
    %jmp T_2.11;
T_2.10 ;
    %load/vec4 v00000000010b3380_0;
    %cmpi/u 32, 0, 7;
    %flag_inv 5; GE is !LT
    %jmp/0xz  T_2.12, 5;
    %pushi/vec4 164, 0, 8;
    %store/vec4 v000000000111c480_0, 0, 8;
    %jmp T_2.13;
T_2.12 ;
    %pushi/vec4 249, 0, 8;
    %store/vec4 v000000000111c480_0, 0, 8;
T_2.13 ;
T_2.11 ;
T_2.9 ;
T_2.1 ;
    %jmp T_2;
    .thread T_2, $push;
    .scope S_00000000010ba630;
T_3 ;
    %wait E_00000000010c90a0;
    %load/vec4 v00000000010b3420_0;
    %parti/s 1, 1, 2;
    %cmpi/e 1, 0, 1;
    %jmp/0xz  T_3.0, 4;
    %load/vec4 v00000000010b3380_0;
    %cmpi/u 92, 0, 7;
    %flag_inv 5; GE is !LT
    %jmp/0xz  T_3.2, 5;
    %load/vec4 v00000000010b3380_0;
    %pad/u 8;
    %pushi/vec4 91, 0, 8;
    %mod;
    %store/vec4 v000000000111af40_0, 0, 8;
    %jmp T_3.3;
T_3.2 ;
    %load/vec4 v00000000010b3380_0;
    %cmpi/u 61, 0, 7;
    %flag_inv 5; GE is !LT
    %jmp/0xz  T_3.4, 5;
    %load/vec4 v00000000010b3380_0;
    %pad/u 8;
    %pushi/vec4 60, 0, 8;
    %mod;
    %store/vec4 v000000000111af40_0, 0, 8;
    %jmp T_3.5;
T_3.4 ;
    %load/vec4 v00000000010b3380_0;
    %cmpi/u 32, 0, 7;
    %flag_inv 5; GE is !LT
    %jmp/0xz  T_3.6, 5;
    %load/vec4 v00000000010b3380_0;
    %pad/u 8;
    %pushi/vec4 31, 0, 8;
    %mod;
    %store/vec4 v000000000111af40_0, 0, 8;
    %jmp T_3.7;
T_3.6 ;
    %load/vec4 v00000000010b3380_0;
    %pad/u 8;
    %store/vec4 v000000000111af40_0, 0, 8;
T_3.7 ;
T_3.5 ;
T_3.3 ;
    %jmp T_3.1;
T_3.0 ;
    %load/vec4 v00000000010b3380_0;
    %cmpi/u 91, 0, 7;
    %flag_inv 5; GE is !LT
    %jmp/0xz  T_3.8, 5;
    %load/vec4 v00000000010b3380_0;
    %pad/u 8;
    %pushi/vec4 90, 0, 8;
    %mod;
    %store/vec4 v000000000111af40_0, 0, 8;
    %jmp T_3.9;
T_3.8 ;
    %load/vec4 v00000000010b3380_0;
    %cmpi/u 60, 0, 7;
    %flag_inv 5; GE is !LT
    %jmp/0xz  T_3.10, 5;
    %load/vec4 v00000000010b3380_0;
    %pad/u 8;
    %pushi/vec4 59, 0, 8;
    %mod;
    %store/vec4 v000000000111af40_0, 0, 8;
    %jmp T_3.11;
T_3.10 ;
    %load/vec4 v00000000010b3380_0;
    %cmpi/u 32, 0, 7;
    %flag_inv 5; GE is !LT
    %jmp/0xz  T_3.12, 5;
    %load/vec4 v00000000010b3380_0;
    %pad/u 8;
    %pushi/vec4 31, 0, 8;
    %mod;
    %store/vec4 v000000000111af40_0, 0, 8;
    %jmp T_3.13;
T_3.12 ;
    %load/vec4 v00000000010b3380_0;
    %pad/u 8;
    %store/vec4 v000000000111af40_0, 0, 8;
T_3.13 ;
T_3.11 ;
T_3.9 ;
T_3.1 ;
    %jmp T_3;
    .thread T_3, $push;
    .scope S_00000000010ba630;
T_4 ;
    %wait E_00000000010c93e0;
    %load/vec4 v000000000111af40_0;
    %pad/u 32;
    %pushi/vec4 10, 0, 32;
    %mod;
    %pad/u 4;
    %store/vec4 v00000000010b3600_0, 0, 4;
    %load/vec4 v000000000111af40_0;
    %pad/u 32;
    %pushi/vec4 10, 0, 32;
    %div;
    %pad/u 4;
    %store/vec4 v00000000010b3560_0, 0, 4;
    %jmp T_4;
    .thread T_4, $push;
    .scope S_0000000001063a70;
T_5 ;
    %wait E_00000000010c8de0;
    %load/vec4 v00000000010b40a0_0;
    %dup/vec4;
    %pushi/vec4 0, 0, 4;
    %cmp/x;
    %jmp/1 T_5.0, 4;
    %dup/vec4;
    %pushi/vec4 1, 0, 4;
    %cmp/x;
    %jmp/1 T_5.1, 4;
    %dup/vec4;
    %pushi/vec4 2, 0, 4;
    %cmp/x;
    %jmp/1 T_5.2, 4;
    %dup/vec4;
    %pushi/vec4 3, 0, 4;
    %cmp/x;
    %jmp/1 T_5.3, 4;
    %dup/vec4;
    %pushi/vec4 4, 0, 4;
    %cmp/x;
    %jmp/1 T_5.4, 4;
    %dup/vec4;
    %pushi/vec4 5, 0, 4;
    %cmp/x;
    %jmp/1 T_5.5, 4;
    %dup/vec4;
    %pushi/vec4 6, 0, 4;
    %cmp/x;
    %jmp/1 T_5.6, 4;
    %dup/vec4;
    %pushi/vec4 7, 0, 4;
    %cmp/x;
    %jmp/1 T_5.7, 4;
    %dup/vec4;
    %pushi/vec4 8, 0, 4;
    %cmp/x;
    %jmp/1 T_5.8, 4;
    %dup/vec4;
    %pushi/vec4 9, 0, 4;
    %cmp/x;
    %jmp/1 T_5.9, 4;
    %jmp T_5.10;
T_5.0 ;
    %pushi/vec4 192, 0, 8;
    %store/vec4 v00000000010b4000_0, 0, 8;
    %jmp T_5.10;
T_5.1 ;
    %pushi/vec4 249, 0, 8;
    %store/vec4 v00000000010b4000_0, 0, 8;
    %jmp T_5.10;
T_5.2 ;
    %pushi/vec4 164, 0, 8;
    %store/vec4 v00000000010b4000_0, 0, 8;
    %jmp T_5.10;
T_5.3 ;
    %pushi/vec4 176, 0, 8;
    %store/vec4 v00000000010b4000_0, 0, 8;
    %jmp T_5.10;
T_5.4 ;
    %pushi/vec4 153, 0, 8;
    %store/vec4 v00000000010b4000_0, 0, 8;
    %jmp T_5.10;
T_5.5 ;
    %pushi/vec4 146, 0, 8;
    %store/vec4 v00000000010b4000_0, 0, 8;
    %jmp T_5.10;
T_5.6 ;
    %pushi/vec4 130, 0, 8;
    %store/vec4 v00000000010b4000_0, 0, 8;
    %jmp T_5.10;
T_5.7 ;
    %pushi/vec4 248, 0, 8;
    %store/vec4 v00000000010b4000_0, 0, 8;
    %jmp T_5.10;
T_5.8 ;
    %pushi/vec4 128, 0, 8;
    %store/vec4 v00000000010b4000_0, 0, 8;
    %jmp T_5.10;
T_5.9 ;
    %pushi/vec4 144, 0, 8;
    %store/vec4 v00000000010b4000_0, 0, 8;
    %jmp T_5.10;
T_5.10 ;
    %pop/vec4 1;
    %jmp T_5;
    .thread T_5, $push;
    .scope S_0000000001063a70;
T_6 ;
    %wait E_00000000010c8aa0;
    %load/vec4 v00000000010b3f60_0;
    %dup/vec4;
    %pushi/vec4 0, 0, 4;
    %cmp/x;
    %jmp/1 T_6.0, 4;
    %dup/vec4;
    %pushi/vec4 1, 0, 4;
    %cmp/x;
    %jmp/1 T_6.1, 4;
    %dup/vec4;
    %pushi/vec4 2, 0, 4;
    %cmp/x;
    %jmp/1 T_6.2, 4;
    %dup/vec4;
    %pushi/vec4 3, 0, 4;
    %cmp/x;
    %jmp/1 T_6.3, 4;
    %dup/vec4;
    %pushi/vec4 4, 0, 4;
    %cmp/x;
    %jmp/1 T_6.4, 4;
    %dup/vec4;
    %pushi/vec4 5, 0, 4;
    %cmp/x;
    %jmp/1 T_6.5, 4;
    %dup/vec4;
    %pushi/vec4 6, 0, 4;
    %cmp/x;
    %jmp/1 T_6.6, 4;
    %dup/vec4;
    %pushi/vec4 7, 0, 4;
    %cmp/x;
    %jmp/1 T_6.7, 4;
    %dup/vec4;
    %pushi/vec4 8, 0, 4;
    %cmp/x;
    %jmp/1 T_6.8, 4;
    %dup/vec4;
    %pushi/vec4 9, 0, 4;
    %cmp/x;
    %jmp/1 T_6.9, 4;
    %jmp T_6.10;
T_6.0 ;
    %pushi/vec4 255, 0, 8;
    %store/vec4 v00000000010b3240_0, 0, 8;
    %jmp T_6.10;
T_6.1 ;
    %pushi/vec4 249, 0, 8;
    %store/vec4 v00000000010b3240_0, 0, 8;
    %jmp T_6.10;
T_6.2 ;
    %pushi/vec4 164, 0, 8;
    %store/vec4 v00000000010b3240_0, 0, 8;
    %jmp T_6.10;
T_6.3 ;
    %pushi/vec4 176, 0, 8;
    %store/vec4 v00000000010b3240_0, 0, 8;
    %jmp T_6.10;
T_6.4 ;
    %pushi/vec4 153, 0, 8;
    %store/vec4 v00000000010b3240_0, 0, 8;
    %jmp T_6.10;
T_6.5 ;
    %pushi/vec4 146, 0, 8;
    %store/vec4 v00000000010b3240_0, 0, 8;
    %jmp T_6.10;
T_6.6 ;
    %pushi/vec4 130, 0, 8;
    %store/vec4 v00000000010b3240_0, 0, 8;
    %jmp T_6.10;
T_6.7 ;
    %pushi/vec4 248, 0, 8;
    %store/vec4 v00000000010b3240_0, 0, 8;
    %jmp T_6.10;
T_6.8 ;
    %pushi/vec4 128, 0, 8;
    %store/vec4 v00000000010b3240_0, 0, 8;
    %jmp T_6.10;
T_6.9 ;
    %pushi/vec4 144, 0, 8;
    %store/vec4 v00000000010b3240_0, 0, 8;
    %jmp T_6.10;
T_6.10 ;
    %pop/vec4 1;
    %jmp T_6;
    .thread T_6, $push;
    .scope S_00000000010b9970;
T_7 ;
    %wait E_00000000010c9260;
    %load/vec4 v00000000010b3ba0_0;
    %pad/u 32;
    %pushi/vec4 10, 0, 32;
    %mod;
    %pad/u 4;
    %store/vec4 v00000000010b3d80_0, 0, 4;
    %load/vec4 v00000000010b3ba0_0;
    %pad/u 32;
    %pushi/vec4 10, 0, 32;
    %div;
    %pad/u 4;
    %store/vec4 v00000000010b31a0_0, 0, 4;
    %jmp T_7;
    .thread T_7, $push;
    .scope S_00000000010b7eb0;
T_8 ;
    %wait E_00000000010c9620;
    %load/vec4 v00000000010b3ec0_0;
    %dup/vec4;
    %pushi/vec4 0, 0, 4;
    %cmp/x;
    %jmp/1 T_8.0, 4;
    %dup/vec4;
    %pushi/vec4 1, 0, 4;
    %cmp/x;
    %jmp/1 T_8.1, 4;
    %dup/vec4;
    %pushi/vec4 2, 0, 4;
    %cmp/x;
    %jmp/1 T_8.2, 4;
    %dup/vec4;
    %pushi/vec4 3, 0, 4;
    %cmp/x;
    %jmp/1 T_8.3, 4;
    %dup/vec4;
    %pushi/vec4 4, 0, 4;
    %cmp/x;
    %jmp/1 T_8.4, 4;
    %dup/vec4;
    %pushi/vec4 5, 0, 4;
    %cmp/x;
    %jmp/1 T_8.5, 4;
    %dup/vec4;
    %pushi/vec4 6, 0, 4;
    %cmp/x;
    %jmp/1 T_8.6, 4;
    %dup/vec4;
    %pushi/vec4 7, 0, 4;
    %cmp/x;
    %jmp/1 T_8.7, 4;
    %dup/vec4;
    %pushi/vec4 8, 0, 4;
    %cmp/x;
    %jmp/1 T_8.8, 4;
    %dup/vec4;
    %pushi/vec4 9, 0, 4;
    %cmp/x;
    %jmp/1 T_8.9, 4;
    %jmp T_8.10;
T_8.0 ;
    %pushi/vec4 192, 0, 8;
    %store/vec4 v00000000010b3c40_0, 0, 8;
    %jmp T_8.10;
T_8.1 ;
    %pushi/vec4 249, 0, 8;
    %store/vec4 v00000000010b3c40_0, 0, 8;
    %jmp T_8.10;
T_8.2 ;
    %pushi/vec4 164, 0, 8;
    %store/vec4 v00000000010b3c40_0, 0, 8;
    %jmp T_8.10;
T_8.3 ;
    %pushi/vec4 176, 0, 8;
    %store/vec4 v00000000010b3c40_0, 0, 8;
    %jmp T_8.10;
T_8.4 ;
    %pushi/vec4 153, 0, 8;
    %store/vec4 v00000000010b3c40_0, 0, 8;
    %jmp T_8.10;
T_8.5 ;
    %pushi/vec4 146, 0, 8;
    %store/vec4 v00000000010b3c40_0, 0, 8;
    %jmp T_8.10;
T_8.6 ;
    %pushi/vec4 130, 0, 8;
    %store/vec4 v00000000010b3c40_0, 0, 8;
    %jmp T_8.10;
T_8.7 ;
    %pushi/vec4 248, 0, 8;
    %store/vec4 v00000000010b3c40_0, 0, 8;
    %jmp T_8.10;
T_8.8 ;
    %pushi/vec4 128, 0, 8;
    %store/vec4 v00000000010b3c40_0, 0, 8;
    %jmp T_8.10;
T_8.9 ;
    %pushi/vec4 144, 0, 8;
    %store/vec4 v00000000010b3c40_0, 0, 8;
    %jmp T_8.10;
T_8.10 ;
    %pop/vec4 1;
    %jmp T_8;
    .thread T_8, $push;
    .scope S_00000000010b7eb0;
T_9 ;
    %wait E_00000000010c88a0;
    %load/vec4 v00000000010b32e0_0;
    %dup/vec4;
    %pushi/vec4 0, 0, 4;
    %cmp/x;
    %jmp/1 T_9.0, 4;
    %dup/vec4;
    %pushi/vec4 1, 0, 4;
    %cmp/x;
    %jmp/1 T_9.1, 4;
    %dup/vec4;
    %pushi/vec4 2, 0, 4;
    %cmp/x;
    %jmp/1 T_9.2, 4;
    %dup/vec4;
    %pushi/vec4 3, 0, 4;
    %cmp/x;
    %jmp/1 T_9.3, 4;
    %dup/vec4;
    %pushi/vec4 4, 0, 4;
    %cmp/x;
    %jmp/1 T_9.4, 4;
    %dup/vec4;
    %pushi/vec4 5, 0, 4;
    %cmp/x;
    %jmp/1 T_9.5, 4;
    %dup/vec4;
    %pushi/vec4 6, 0, 4;
    %cmp/x;
    %jmp/1 T_9.6, 4;
    %dup/vec4;
    %pushi/vec4 7, 0, 4;
    %cmp/x;
    %jmp/1 T_9.7, 4;
    %dup/vec4;
    %pushi/vec4 8, 0, 4;
    %cmp/x;
    %jmp/1 T_9.8, 4;
    %dup/vec4;
    %pushi/vec4 9, 0, 4;
    %cmp/x;
    %jmp/1 T_9.9, 4;
    %jmp T_9.10;
T_9.0 ;
    %pushi/vec4 255, 0, 8;
    %store/vec4 v00000000010b3e20_0, 0, 8;
    %jmp T_9.10;
T_9.1 ;
    %pushi/vec4 249, 0, 8;
    %store/vec4 v00000000010b3e20_0, 0, 8;
    %jmp T_9.10;
T_9.2 ;
    %pushi/vec4 164, 0, 8;
    %store/vec4 v00000000010b3e20_0, 0, 8;
    %jmp T_9.10;
T_9.3 ;
    %pushi/vec4 176, 0, 8;
    %store/vec4 v00000000010b3e20_0, 0, 8;
    %jmp T_9.10;
T_9.4 ;
    %pushi/vec4 153, 0, 8;
    %store/vec4 v00000000010b3e20_0, 0, 8;
    %jmp T_9.10;
T_9.5 ;
    %pushi/vec4 146, 0, 8;
    %store/vec4 v00000000010b3e20_0, 0, 8;
    %jmp T_9.10;
T_9.6 ;
    %pushi/vec4 130, 0, 8;
    %store/vec4 v00000000010b3e20_0, 0, 8;
    %jmp T_9.10;
T_9.7 ;
    %pushi/vec4 248, 0, 8;
    %store/vec4 v00000000010b3e20_0, 0, 8;
    %jmp T_9.10;
T_9.8 ;
    %pushi/vec4 128, 0, 8;
    %store/vec4 v00000000010b3e20_0, 0, 8;
    %jmp T_9.10;
T_9.9 ;
    %pushi/vec4 144, 0, 8;
    %store/vec4 v00000000010b3e20_0, 0, 8;
    %jmp T_9.10;
T_9.10 ;
    %pop/vec4 1;
    %jmp T_9;
    .thread T_9, $push;
    .scope S_00000000010be930;
T_10 ;
    %pushi/vec4 1, 0, 2;
    %store/vec4 v000000000111a900_0, 0, 2;
    %pushi/vec4 0, 0, 1;
    %store/vec4 v000000000111aa40_0, 0, 1;
    %pushi/vec4 0, 0, 7;
    %store/vec4 v000000000111b760_0, 0, 7;
    %pushi/vec4 0, 0, 4;
    %store/vec4 v000000000111ad60_0, 0, 4;
    %pushi/vec4 0, 0, 4;
    %store/vec4 v000000000111c520_0, 0, 4;
    %end;
    .thread T_10;
    .scope S_00000000010be930;
T_11 ;
    %wait E_00000000010c8b60;
    %load/vec4 v000000000111aa40_0;
    %inv;
    %assign/vec4 v000000000111aa40_0, 0;
    %load/vec4 v000000000111aa40_0;
    %ix/load 4, 0, 0;
    %flag_set/imm 4, 0;
    %store/vec4 v000000000111a900_0, 4, 1;
    %jmp T_11;
    .thread T_11;
    .scope S_00000000010be930;
T_12 ;
    %wait E_00000000010c9220;
    %load/vec4 v000000000111aa40_0;
    %pad/u 32;
    %cmpi/e 0, 0, 32;
    %jmp/0xz  T_12.0, 4;
    %pushi/vec4 1, 0, 4;
    %assign/vec4 v000000000111ad60_0, 0;
    %pushi/vec4 1, 0, 7;
    %assign/vec4 v000000000111b760_0, 0;
    %jmp T_12.1;
T_12.0 ;
    %load/vec4 v000000000111a900_0;
    %parti/s 1, 1, 2;
    %inv;
    %ix/load 4, 1, 0;
    %ix/load 5, 0, 0;
    %flag_set/imm 4, 0;
    %assign/vec4/off/d v000000000111a900_0, 4, 5;
    %load/vec4 v000000000111b760_0;
    %pad/u 32;
    %cmpi/e 99, 0, 32;
    %jmp/0xz  T_12.2, 4;
    %pushi/vec4 1, 0, 4;
    %assign/vec4 v000000000111ad60_0, 0;
    %pushi/vec4 1, 0, 7;
    %assign/vec4 v000000000111b760_0, 0;
    %jmp T_12.3;
T_12.2 ;
    %load/vec4 v000000000111ad60_0;
    %pad/u 32;
    %cmpi/ne 9, 0, 32;
    %jmp/0xz  T_12.4, 4;
    %load/vec4 v000000000111ad60_0;
    %addi 1, 0, 4;
    %assign/vec4 v000000000111ad60_0, 0;
    %load/vec4 v000000000111b760_0;
    %addi 1, 0, 7;
    %assign/vec4 v000000000111b760_0, 0;
    %jmp T_12.5;
T_12.4 ;
    %pushi/vec4 0, 0, 4;
    %assign/vec4 v000000000111ad60_0, 0;
    %load/vec4 v000000000111b760_0;
    %addi 1, 0, 7;
    %assign/vec4 v000000000111b760_0, 0;
T_12.5 ;
T_12.3 ;
T_12.1 ;
    %jmp T_12;
    .thread T_12;
    .scope S_00000000010be930;
T_13 ;
    %wait E_00000000010c9220;
    %load/vec4 v000000000111aa40_0;
    %pad/u 32;
    %cmpi/e 0, 0, 32;
    %jmp/0xz  T_13.0, 4;
    %pushi/vec4 0, 0, 4;
    %assign/vec4 v000000000111c520_0, 0;
    %jmp T_13.1;
T_13.0 ;
    %load/vec4 v000000000111ad60_0;
    %pad/u 32;
    %cmpi/e 9, 0, 32;
    %jmp/0xz  T_13.2, 4;
    %load/vec4 v000000000111b760_0;
    %pad/u 32;
    %cmpi/ne 99, 0, 32;
    %jmp/0xz  T_13.4, 4;
    %load/vec4 v000000000111c520_0;
    %addi 1, 0, 4;
    %assign/vec4 v000000000111c520_0, 0;
    %jmp T_13.5;
T_13.4 ;
    %pushi/vec4 0, 0, 4;
    %assign/vec4 v000000000111c520_0, 0;
T_13.5 ;
T_13.2 ;
T_13.1 ;
    %jmp T_13;
    .thread T_13;
    .scope S_00000000010c03f0;
T_14 ;
    %delay 10000000, 0;
    %load/vec4 v000000000111c660_0;
    %inv;
    %store/vec4 v000000000111c660_0, 0, 1;
    %jmp T_14;
    .thread T_14;
    .scope S_00000000010c03f0;
T_15 ;
    %vpi_call 2 45 "$dumpfile", "out.vcd" {0 0 0};
    %vpi_call 2 46 "$dumpvars" {0 0 0};
    %vpi_call 2 47 "$display", $time, " << Starting Simulation >>" {0 0 0};
    %pushi/vec4 1, 0, 1;
    %store/vec4 v000000000111c660_0, 0, 1;
    %pushi/vec4 0, 0, 2;
    %store/vec4 v000000000111b6c0_0, 0, 2;
    %pushi/vec4 3, 0, 2;
    %store/vec4 v000000000111b4e0_0, 0, 2;
    %vpi_call 2 51 "$display", $time, " SW[9] low: %b, no buttons KEY[1:0]= %b", &PV<v000000000111b6c0_0, 1, 1>, v000000000111b4e0_0 {0 0 0};
    %delay 1410065408, 2;
    %pushi/vec4 2, 0, 2;
    %store/vec4 v000000000111b4e0_0, 0, 2;
    %delay 2500000000, 0;
    %vpi_call 2 55 "$display", $time, " Pressing reset to begin, KEY[0] = %b, HEX3 Cleared: %b", &PV<v000000000111b4e0_0, 0, 1>, v000000000111b3a0_0 {0 0 0};
    %vpi_call 2 56 "$display", $time, " Left Digit: HEX5 = %b, Right Digit: HEX4 = %b", v000000000111b440_0, v000000000111b940_0 {0 0 0};
    %vpi_call 2 57 "$display", $time, " Left Day: HEX1 = %b, Right Day: HEX0 = %b, Month: HEX2 = %b", v000000000111b300_0, v000000000111c160_0, v000000000111c340_0 {0 0 0};
    %vpi_call 2 58 "$display", $time, " Converted to digits: %d %d - %d %d - %d %d", v000000000111bb20_0, v000000000111a9a0_0, v000000000111ac20_0, v000000000111bbc0_0, v000000000111b9e0_0, v000000000111ba80_0 {0 0 0};
    %pushi/vec4 98, 0, 32;
T_15.0 %dup/vec4;
    %pushi/vec4 0, 0, 32;
    %cmp/s;
    %jmp/1xz T_15.1, 5;
    %jmp/1 T_15.1, 4;
    %pushi/vec4 1, 0, 32;
    %sub;
    %delay 1410065408, 2;
    %vpi_call 2 62 "$display", $time, " Left Digit: HEX5 = %b, Right Digit: HEX4 = %b", v000000000111b440_0, v000000000111b940_0 {0 0 0};
    %vpi_call 2 63 "$display", $time, " Left Day: HEX1 = %b, Right Day: HEX0 = %b, Month: HEX2 = %b", v000000000111b300_0, v000000000111c160_0, v000000000111c340_0 {0 0 0};
    %vpi_call 2 64 "$display", $time, " Converted to digits: %d %d - %d %d - %d %d", v000000000111bb20_0, v000000000111a9a0_0, v000000000111ac20_0, v000000000111bbc0_0, v000000000111b9e0_0, v000000000111ba80_0 {0 0 0};
    %jmp T_15.0;
T_15.1 ;
    %pop/vec4 1;
    %pushi/vec4 1, 0, 1;
    %ix/load 4, 1, 0;
    %flag_set/imm 4, 0;
    %store/vec4 v000000000111b6c0_0, 4, 1;
    %vpi_call 2 69 "$display", $time, " Now turning on leap year-> SW[9]=%b", &PV<v000000000111b6c0_0, 1, 1> {0 0 0};
    %pushi/vec4 2, 0, 2;
    %store/vec4 v000000000111b4e0_0, 0, 2;
    %delay 2500000000, 0;
    %vpi_call 2 72 "$display", $time, " Left Digit: HEX5 = %b, Right Digit: HEX4 = %b", v000000000111b440_0, v000000000111b940_0 {0 0 0};
    %vpi_call 2 73 "$display", $time, " Left Day: HEX1 = %b, Right Day: HEX0 = %b, Month: HEX2 = %b", v000000000111b300_0, v000000000111c160_0, v000000000111c340_0 {0 0 0};
    %vpi_call 2 74 "$display", $time, " Converted to digits: %d %d - %d %d - %d %d", v000000000111bb20_0, v000000000111a9a0_0, v000000000111ac20_0, v000000000111bbc0_0, v000000000111b9e0_0, v000000000111ba80_0 {0 0 0};
    %pushi/vec4 3, 0, 2;
    %store/vec4 v000000000111b4e0_0, 0, 2;
    %pushi/vec4 98, 0, 32;
T_15.2 %dup/vec4;
    %pushi/vec4 0, 0, 32;
    %cmp/s;
    %jmp/1xz T_15.3, 5;
    %jmp/1 T_15.3, 4;
    %pushi/vec4 1, 0, 32;
    %sub;
    %delay 1410065408, 2;
    %vpi_call 2 79 "$display", $time, " Left Digit: HEX5 = %b, Right Digit: HEX4 = %b", v000000000111b440_0, v000000000111b940_0 {0 0 0};
    %vpi_call 2 80 "$display", $time, " Left Day: HEX1 = %b, Right Day: HEX0 = %b, Month: HEX2 = %b", v000000000111b300_0, v000000000111c160_0, v000000000111c340_0 {0 0 0};
    %vpi_call 2 81 "$display", $time, " Converted to digits: %d %d - %d %d - %d %d", v000000000111bb20_0, v000000000111a9a0_0, v000000000111ac20_0, v000000000111bbc0_0, v000000000111b9e0_0, v000000000111ba80_0 {0 0 0};
    %jmp T_15.2;
T_15.3 ;
    %pop/vec4 1;
    %pushi/vec4 0, 0, 1;
    %ix/load 4, 0, 0;
    %flag_set/imm 4, 0;
    %store/vec4 v000000000111b4e0_0, 4, 1;
    %delay 2500000000, 0;
    %pushi/vec4 1, 0, 1;
    %ix/load 4, 0, 0;
    %flag_set/imm 4, 0;
    %store/vec4 v000000000111b4e0_0, 4, 1;
    %delay 2500000000, 0;
    %pushi/vec4 0, 0, 2;
    %store/vec4 v000000000111b4e0_0, 0, 2;
    %vpi_call 2 89 "$display", $time, " Now pressing KEY[1]: %b", &PV<v000000000111b4e0_0, 1, 1> {0 0 0};
    %delay 1410065408, 2;
    %vpi_call 2 91 "$display", $time, " Left Digit: HEX5 = %b, Right Digit: HEX4 = %b", v000000000111b440_0, v000000000111b940_0 {0 0 0};
    %vpi_call 2 92 "$display", $time, " Left Day: HEX1 = %b, Right Day: HEX0 = %b, Month: HEX2 = %b", v000000000111b300_0, v000000000111c160_0, v000000000111c340_0 {0 0 0};
    %vpi_call 2 93 "$display", $time, " Converted to digits: %d %d - %d %d - %d %d", v000000000111bb20_0, v000000000111a9a0_0, v000000000111ac20_0, v000000000111bbc0_0, v000000000111b9e0_0, v000000000111ba80_0 {0 0 0};
    %pushi/vec4 1, 0, 1;
    %ix/load 4, 0, 0;
    %flag_set/imm 4, 0;
    %store/vec4 v000000000111b4e0_0, 4, 1;
    %pushi/vec4 98, 0, 32;
T_15.4 %dup/vec4;
    %pushi/vec4 0, 0, 32;
    %cmp/s;
    %jmp/1xz T_15.5, 5;
    %jmp/1 T_15.5, 4;
    %pushi/vec4 1, 0, 32;
    %sub;
    %delay 705032704, 1;
    %vpi_call 2 98 "$display", $time, " Left Digit: HEX5 = %b, Right Digit: HEX4 = %b", v000000000111b440_0, v000000000111b940_0 {0 0 0};
    %vpi_call 2 99 "$display", $time, " Left Day: HEX1 = %b, Right Day: HEX0 = %b, Month: HEX2 = %b", v000000000111b300_0, v000000000111c160_0, v000000000111c340_0 {0 0 0};
    %vpi_call 2 100 "$display", $time, " Converted to digits: %d %d - %d %d - %d %d", v000000000111bb20_0, v000000000111a9a0_0, v000000000111ac20_0, v000000000111bbc0_0, v000000000111b9e0_0, v000000000111ba80_0 {0 0 0};
    %jmp T_15.4;
T_15.5 ;
    %pop/vec4 1;
    %vpi_call 2 104 "$display", $time, " Ending Simulation, by Connor Peskin" {0 0 0};
    %vpi_call 2 105 "$finish" {0 0 0};
    %end;
    .thread T_15;
    .scope S_00000000010c03f0;
T_16 ;
    %vpi_call 2 110 "$monitor", $time, " Buttons(KEY): %b, Day2(HEX0): %b, Day1(HEX1): %b, UnusedMonth(HEX3): %b, Month(HEX2): %b, Digit1(HEX4): %b, Digit2(HEX5): %b", v000000000111b4e0_0, v000000000111c160_0, v000000000111b300_0, v000000000111b3a0_0, v000000000111c340_0, v000000000111b940_0, v000000000111b440_0 {0 0 0};
    %end;
    .thread T_16;
    .scope S_00000000010c03f0;
T_17 ;
    %wait E_00000000010c8ca0;
    %load/vec4 v000000000111b300_0;
    %dup/vec4;
    %pushi/vec4 255, 0, 8;
    %cmp/x;
    %jmp/1 T_17.0, 4;
    %dup/vec4;
    %pushi/vec4 249, 0, 8;
    %cmp/x;
    %jmp/1 T_17.1, 4;
    %dup/vec4;
    %pushi/vec4 164, 0, 8;
    %cmp/x;
    %jmp/1 T_17.2, 4;
    %dup/vec4;
    %pushi/vec4 176, 0, 8;
    %cmp/x;
    %jmp/1 T_17.3, 4;
    %dup/vec4;
    %pushi/vec4 153, 0, 8;
    %cmp/x;
    %jmp/1 T_17.4, 4;
    %dup/vec4;
    %pushi/vec4 146, 0, 8;
    %cmp/x;
    %jmp/1 T_17.5, 4;
    %dup/vec4;
    %pushi/vec4 130, 0, 8;
    %cmp/x;
    %jmp/1 T_17.6, 4;
    %dup/vec4;
    %pushi/vec4 248, 0, 8;
    %cmp/x;
    %jmp/1 T_17.7, 4;
    %dup/vec4;
    %pushi/vec4 128, 0, 8;
    %cmp/x;
    %jmp/1 T_17.8, 4;
    %dup/vec4;
    %pushi/vec4 144, 0, 8;
    %cmp/x;
    %jmp/1 T_17.9, 4;
    %jmp T_17.10;
T_17.0 ;
    %pushi/vec4 0, 0, 4;
    %store/vec4 v000000000111b9e0_0, 0, 4;
    %jmp T_17.10;
T_17.1 ;
    %pushi/vec4 1, 0, 4;
    %store/vec4 v000000000111b9e0_0, 0, 4;
    %jmp T_17.10;
T_17.2 ;
    %pushi/vec4 2, 0, 4;
    %store/vec4 v000000000111b9e0_0, 0, 4;
    %jmp T_17.10;
T_17.3 ;
    %pushi/vec4 3, 0, 4;
    %store/vec4 v000000000111b9e0_0, 0, 4;
    %jmp T_17.10;
T_17.4 ;
    %pushi/vec4 4, 0, 4;
    %store/vec4 v000000000111b9e0_0, 0, 4;
    %jmp T_17.10;
T_17.5 ;
    %pushi/vec4 5, 0, 4;
    %store/vec4 v000000000111b9e0_0, 0, 4;
    %jmp T_17.10;
T_17.6 ;
    %pushi/vec4 6, 0, 4;
    %store/vec4 v000000000111b9e0_0, 0, 4;
    %jmp T_17.10;
T_17.7 ;
    %pushi/vec4 7, 0, 4;
    %store/vec4 v000000000111b9e0_0, 0, 4;
    %jmp T_17.10;
T_17.8 ;
    %pushi/vec4 8, 0, 4;
    %store/vec4 v000000000111b9e0_0, 0, 4;
    %jmp T_17.10;
T_17.9 ;
    %pushi/vec4 9, 0, 4;
    %store/vec4 v000000000111b9e0_0, 0, 4;
    %jmp T_17.10;
T_17.10 ;
    %pop/vec4 1;
    %load/vec4 v000000000111c160_0;
    %dup/vec4;
    %pushi/vec4 192, 0, 8;
    %cmp/x;
    %jmp/1 T_17.11, 4;
    %dup/vec4;
    %pushi/vec4 249, 0, 8;
    %cmp/x;
    %jmp/1 T_17.12, 4;
    %dup/vec4;
    %pushi/vec4 164, 0, 8;
    %cmp/x;
    %jmp/1 T_17.13, 4;
    %dup/vec4;
    %pushi/vec4 176, 0, 8;
    %cmp/x;
    %jmp/1 T_17.14, 4;
    %dup/vec4;
    %pushi/vec4 153, 0, 8;
    %cmp/x;
    %jmp/1 T_17.15, 4;
    %dup/vec4;
    %pushi/vec4 146, 0, 8;
    %cmp/x;
    %jmp/1 T_17.16, 4;
    %dup/vec4;
    %pushi/vec4 130, 0, 8;
    %cmp/x;
    %jmp/1 T_17.17, 4;
    %dup/vec4;
    %pushi/vec4 248, 0, 8;
    %cmp/x;
    %jmp/1 T_17.18, 4;
    %dup/vec4;
    %pushi/vec4 128, 0, 8;
    %cmp/x;
    %jmp/1 T_17.19, 4;
    %dup/vec4;
    %pushi/vec4 144, 0, 8;
    %cmp/x;
    %jmp/1 T_17.20, 4;
    %jmp T_17.21;
T_17.11 ;
    %pushi/vec4 0, 0, 4;
    %store/vec4 v000000000111ba80_0, 0, 4;
    %jmp T_17.21;
T_17.12 ;
    %pushi/vec4 1, 0, 4;
    %store/vec4 v000000000111ba80_0, 0, 4;
    %jmp T_17.21;
T_17.13 ;
    %pushi/vec4 2, 0, 4;
    %store/vec4 v000000000111ba80_0, 0, 4;
    %jmp T_17.21;
T_17.14 ;
    %pushi/vec4 3, 0, 4;
    %store/vec4 v000000000111ba80_0, 0, 4;
    %jmp T_17.21;
T_17.15 ;
    %pushi/vec4 4, 0, 4;
    %store/vec4 v000000000111ba80_0, 0, 4;
    %jmp T_17.21;
T_17.16 ;
    %pushi/vec4 5, 0, 4;
    %store/vec4 v000000000111ba80_0, 0, 4;
    %jmp T_17.21;
T_17.17 ;
    %pushi/vec4 6, 0, 4;
    %store/vec4 v000000000111ba80_0, 0, 4;
    %jmp T_17.21;
T_17.18 ;
    %pushi/vec4 7, 0, 4;
    %store/vec4 v000000000111ba80_0, 0, 4;
    %jmp T_17.21;
T_17.19 ;
    %pushi/vec4 8, 0, 4;
    %store/vec4 v000000000111ba80_0, 0, 4;
    %jmp T_17.21;
T_17.20 ;
    %pushi/vec4 9, 0, 4;
    %store/vec4 v000000000111ba80_0, 0, 4;
    %jmp T_17.21;
T_17.21 ;
    %pop/vec4 1;
    %jmp T_17;
    .thread T_17, $push;
    .scope S_00000000010c03f0;
T_18 ;
    %wait E_00000000010c91e0;
    %load/vec4 v000000000111c340_0;
    %dup/vec4;
    %pushi/vec4 192, 0, 8;
    %cmp/x;
    %jmp/1 T_18.0, 4;
    %dup/vec4;
    %pushi/vec4 249, 0, 8;
    %cmp/x;
    %jmp/1 T_18.1, 4;
    %dup/vec4;
    %pushi/vec4 164, 0, 8;
    %cmp/x;
    %jmp/1 T_18.2, 4;
    %dup/vec4;
    %pushi/vec4 176, 0, 8;
    %cmp/x;
    %jmp/1 T_18.3, 4;
    %dup/vec4;
    %pushi/vec4 153, 0, 8;
    %cmp/x;
    %jmp/1 T_18.4, 4;
    %dup/vec4;
    %pushi/vec4 146, 0, 8;
    %cmp/x;
    %jmp/1 T_18.5, 4;
    %dup/vec4;
    %pushi/vec4 130, 0, 8;
    %cmp/x;
    %jmp/1 T_18.6, 4;
    %dup/vec4;
    %pushi/vec4 248, 0, 8;
    %cmp/x;
    %jmp/1 T_18.7, 4;
    %dup/vec4;
    %pushi/vec4 128, 0, 8;
    %cmp/x;
    %jmp/1 T_18.8, 4;
    %dup/vec4;
    %pushi/vec4 144, 0, 8;
    %cmp/x;
    %jmp/1 T_18.9, 4;
    %jmp T_18.10;
T_18.0 ;
    %pushi/vec4 0, 0, 4;
    %store/vec4 v000000000111bbc0_0, 0, 4;
    %jmp T_18.10;
T_18.1 ;
    %pushi/vec4 1, 0, 4;
    %store/vec4 v000000000111bbc0_0, 0, 4;
    %jmp T_18.10;
T_18.2 ;
    %pushi/vec4 2, 0, 4;
    %store/vec4 v000000000111bbc0_0, 0, 4;
    %jmp T_18.10;
T_18.3 ;
    %pushi/vec4 3, 0, 4;
    %store/vec4 v000000000111bbc0_0, 0, 4;
    %jmp T_18.10;
T_18.4 ;
    %pushi/vec4 4, 0, 4;
    %store/vec4 v000000000111bbc0_0, 0, 4;
    %jmp T_18.10;
T_18.5 ;
    %pushi/vec4 5, 0, 4;
    %store/vec4 v000000000111bbc0_0, 0, 4;
    %jmp T_18.10;
T_18.6 ;
    %pushi/vec4 6, 0, 4;
    %store/vec4 v000000000111bbc0_0, 0, 4;
    %jmp T_18.10;
T_18.7 ;
    %pushi/vec4 7, 0, 4;
    %store/vec4 v000000000111bbc0_0, 0, 4;
    %jmp T_18.10;
T_18.8 ;
    %pushi/vec4 8, 0, 4;
    %store/vec4 v000000000111bbc0_0, 0, 4;
    %jmp T_18.10;
T_18.9 ;
    %pushi/vec4 9, 0, 4;
    %store/vec4 v000000000111bbc0_0, 0, 4;
    %jmp T_18.10;
T_18.10 ;
    %pop/vec4 1;
    %load/vec4 v000000000111b3a0_0;
    %dup/vec4;
    %pushi/vec4 192, 0, 8;
    %cmp/x;
    %jmp/1 T_18.11, 4;
    %dup/vec4;
    %pushi/vec4 249, 0, 8;
    %cmp/x;
    %jmp/1 T_18.12, 4;
    %dup/vec4;
    %pushi/vec4 164, 0, 8;
    %cmp/x;
    %jmp/1 T_18.13, 4;
    %dup/vec4;
    %pushi/vec4 176, 0, 8;
    %cmp/x;
    %jmp/1 T_18.14, 4;
    %dup/vec4;
    %pushi/vec4 153, 0, 8;
    %cmp/x;
    %jmp/1 T_18.15, 4;
    %dup/vec4;
    %pushi/vec4 146, 0, 8;
    %cmp/x;
    %jmp/1 T_18.16, 4;
    %dup/vec4;
    %pushi/vec4 130, 0, 8;
    %cmp/x;
    %jmp/1 T_18.17, 4;
    %dup/vec4;
    %pushi/vec4 248, 0, 8;
    %cmp/x;
    %jmp/1 T_18.18, 4;
    %dup/vec4;
    %pushi/vec4 128, 0, 8;
    %cmp/x;
    %jmp/1 T_18.19, 4;
    %dup/vec4;
    %pushi/vec4 144, 0, 8;
    %cmp/x;
    %jmp/1 T_18.20, 4;
    %dup/vec4;
    %pushi/vec4 255, 0, 8;
    %cmp/x;
    %jmp/1 T_18.21, 4;
    %jmp T_18.22;
T_18.11 ;
    %pushi/vec4 0, 0, 4;
    %store/vec4 v000000000111ac20_0, 0, 4;
    %jmp T_18.22;
T_18.12 ;
    %pushi/vec4 1, 0, 4;
    %store/vec4 v000000000111ac20_0, 0, 4;
    %jmp T_18.22;
T_18.13 ;
    %pushi/vec4 2, 0, 4;
    %store/vec4 v000000000111ac20_0, 0, 4;
    %jmp T_18.22;
T_18.14 ;
    %pushi/vec4 3, 0, 4;
    %store/vec4 v000000000111ac20_0, 0, 4;
    %jmp T_18.22;
T_18.15 ;
    %pushi/vec4 4, 0, 4;
    %store/vec4 v000000000111ac20_0, 0, 4;
    %jmp T_18.22;
T_18.16 ;
    %pushi/vec4 5, 0, 4;
    %store/vec4 v000000000111ac20_0, 0, 4;
    %jmp T_18.22;
T_18.17 ;
    %pushi/vec4 6, 0, 4;
    %store/vec4 v000000000111ac20_0, 0, 4;
    %jmp T_18.22;
T_18.18 ;
    %pushi/vec4 7, 0, 4;
    %store/vec4 v000000000111ac20_0, 0, 4;
    %jmp T_18.22;
T_18.19 ;
    %pushi/vec4 8, 0, 4;
    %store/vec4 v000000000111ac20_0, 0, 4;
    %jmp T_18.22;
T_18.20 ;
    %pushi/vec4 9, 0, 4;
    %store/vec4 v000000000111ac20_0, 0, 4;
    %jmp T_18.22;
T_18.21 ;
    %pushi/vec4 0, 0, 4;
    %store/vec4 v000000000111ac20_0, 0, 4;
    %jmp T_18.22;
T_18.22 ;
    %pop/vec4 1;
    %load/vec4 v000000000111b940_0;
    %dup/vec4;
    %pushi/vec4 255, 0, 8;
    %cmp/x;
    %jmp/1 T_18.23, 4;
    %dup/vec4;
    %pushi/vec4 249, 0, 8;
    %cmp/x;
    %jmp/1 T_18.24, 4;
    %dup/vec4;
    %pushi/vec4 164, 0, 8;
    %cmp/x;
    %jmp/1 T_18.25, 4;
    %dup/vec4;
    %pushi/vec4 176, 0, 8;
    %cmp/x;
    %jmp/1 T_18.26, 4;
    %dup/vec4;
    %pushi/vec4 153, 0, 8;
    %cmp/x;
    %jmp/1 T_18.27, 4;
    %dup/vec4;
    %pushi/vec4 146, 0, 8;
    %cmp/x;
    %jmp/1 T_18.28, 4;
    %dup/vec4;
    %pushi/vec4 130, 0, 8;
    %cmp/x;
    %jmp/1 T_18.29, 4;
    %dup/vec4;
    %pushi/vec4 248, 0, 8;
    %cmp/x;
    %jmp/1 T_18.30, 4;
    %dup/vec4;
    %pushi/vec4 128, 0, 8;
    %cmp/x;
    %jmp/1 T_18.31, 4;
    %dup/vec4;
    %pushi/vec4 144, 0, 8;
    %cmp/x;
    %jmp/1 T_18.32, 4;
    %jmp T_18.33;
T_18.23 ;
    %pushi/vec4 0, 0, 4;
    %store/vec4 v000000000111a9a0_0, 0, 4;
    %jmp T_18.33;
T_18.24 ;
    %pushi/vec4 1, 0, 4;
    %store/vec4 v000000000111a9a0_0, 0, 4;
    %jmp T_18.33;
T_18.25 ;
    %pushi/vec4 2, 0, 4;
    %store/vec4 v000000000111a9a0_0, 0, 4;
    %jmp T_18.33;
T_18.26 ;
    %pushi/vec4 3, 0, 4;
    %store/vec4 v000000000111a9a0_0, 0, 4;
    %jmp T_18.33;
T_18.27 ;
    %pushi/vec4 4, 0, 4;
    %store/vec4 v000000000111a9a0_0, 0, 4;
    %jmp T_18.33;
T_18.28 ;
    %pushi/vec4 5, 0, 4;
    %store/vec4 v000000000111a9a0_0, 0, 4;
    %jmp T_18.33;
T_18.29 ;
    %pushi/vec4 6, 0, 4;
    %store/vec4 v000000000111a9a0_0, 0, 4;
    %jmp T_18.33;
T_18.30 ;
    %pushi/vec4 7, 0, 4;
    %store/vec4 v000000000111a9a0_0, 0, 4;
    %jmp T_18.33;
T_18.31 ;
    %pushi/vec4 8, 0, 4;
    %store/vec4 v000000000111a9a0_0, 0, 4;
    %jmp T_18.33;
T_18.32 ;
    %pushi/vec4 9, 0, 4;
    %store/vec4 v000000000111a9a0_0, 0, 4;
    %jmp T_18.33;
T_18.33 ;
    %pop/vec4 1;
    %load/vec4 v000000000111b440_0;
    %dup/vec4;
    %pushi/vec4 192, 0, 8;
    %cmp/x;
    %jmp/1 T_18.34, 4;
    %dup/vec4;
    %pushi/vec4 249, 0, 8;
    %cmp/x;
    %jmp/1 T_18.35, 4;
    %dup/vec4;
    %pushi/vec4 164, 0, 8;
    %cmp/x;
    %jmp/1 T_18.36, 4;
    %dup/vec4;
    %pushi/vec4 176, 0, 8;
    %cmp/x;
    %jmp/1 T_18.37, 4;
    %dup/vec4;
    %pushi/vec4 153, 0, 8;
    %cmp/x;
    %jmp/1 T_18.38, 4;
    %dup/vec4;
    %pushi/vec4 146, 0, 8;
    %cmp/x;
    %jmp/1 T_18.39, 4;
    %dup/vec4;
    %pushi/vec4 130, 0, 8;
    %cmp/x;
    %jmp/1 T_18.40, 4;
    %dup/vec4;
    %pushi/vec4 248, 0, 8;
    %cmp/x;
    %jmp/1 T_18.41, 4;
    %dup/vec4;
    %pushi/vec4 128, 0, 8;
    %cmp/x;
    %jmp/1 T_18.42, 4;
    %dup/vec4;
    %pushi/vec4 144, 0, 8;
    %cmp/x;
    %jmp/1 T_18.43, 4;
    %jmp T_18.44;
T_18.34 ;
    %pushi/vec4 0, 0, 4;
    %store/vec4 v000000000111bb20_0, 0, 4;
    %jmp T_18.44;
T_18.35 ;
    %pushi/vec4 1, 0, 4;
    %store/vec4 v000000000111bb20_0, 0, 4;
    %jmp T_18.44;
T_18.36 ;
    %pushi/vec4 2, 0, 4;
    %store/vec4 v000000000111bb20_0, 0, 4;
    %jmp T_18.44;
T_18.37 ;
    %pushi/vec4 3, 0, 4;
    %store/vec4 v000000000111bb20_0, 0, 4;
    %jmp T_18.44;
T_18.38 ;
    %pushi/vec4 4, 0, 4;
    %store/vec4 v000000000111bb20_0, 0, 4;
    %jmp T_18.44;
T_18.39 ;
    %pushi/vec4 5, 0, 4;
    %store/vec4 v000000000111bb20_0, 0, 4;
    %jmp T_18.44;
T_18.40 ;
    %pushi/vec4 6, 0, 4;
    %store/vec4 v000000000111bb20_0, 0, 4;
    %jmp T_18.44;
T_18.41 ;
    %pushi/vec4 7, 0, 4;
    %store/vec4 v000000000111bb20_0, 0, 4;
    %jmp T_18.44;
T_18.42 ;
    %pushi/vec4 8, 0, 4;
    %store/vec4 v000000000111bb20_0, 0, 4;
    %jmp T_18.44;
T_18.43 ;
    %pushi/vec4 9, 0, 4;
    %store/vec4 v000000000111bb20_0, 0, 4;
    %jmp T_18.44;
T_18.44 ;
    %pop/vec4 1;
    %jmp T_18;
    .thread T_18, $push;
# The file index is used to find the file name in the following table.
:file_names 8;
    "N/A";
    "<interactive>";
    "tb_project2.v";
    "top.v";
    "clock_divider.v";
    "counted.v";
    "dualSevenSeg.v";
    "monthDayCalc.v";
